java version "17.0.5" 2022-10-18 LTS
Java(TM) SE Runtime Environment (build 17.0.5+9-LTS-191)
Java HotSpot(TM) 64-Bit Server VM (build 17.0.5+9-LTS-191, mixed mode, sharing)
javac 17.0.5
Apache Maven 3.6.3 (cecedd343002696d0abb50b32b541b8a6ba2883f)
Maven home: D:\java\maven\apache-maven-3.6.3\bin\..
Java version: 17.0.5, vendor: Oracle Corporation, runtime: D:\idea2022
Default locale: zh_CN, platform encoding: GBK
OS name: "windows 10", version: "10.0", arch: "amd64", family: "windows"
[INFO] Scanning for projects...
[INFO] 
[INFO] -----------------< com.example:ai-capability-backend >------------------
[INFO] Building ai-capability-backend 0.0.1-SNAPSHOT
[INFO] --------------------------------[ jar ]---------------------------------
[INFO] 
[INFO] --- maven-clean-plugin:3.3.2:clean (default-clean) @ ai-capability-backend ---
[INFO] Deleting C:\Users\Administrator\Desktop\AI面试\target
[INFO] 
[INFO] --- maven-resources-plugin:3.3.1:resources (default-resources) @ ai-capability-backend ---
[INFO] Copying 1 resource from src\main\resources to target\classes
[INFO] Copying 0 resource from src\main\resources to target\classes
[INFO] 
[INFO] --- maven-compiler-plugin:3.13.0:compile (default-compile) @ ai-capability-backend ---
[INFO] Recompiling the module because of changed source code.
[INFO] Compiling 13 source files with javac [debug parameters release 17] to target\classes
[INFO] 
[INFO] --- maven-resources-plugin:3.3.1:testResources (default-testResources) @ ai-capability-backend ---
[INFO] skip non existing resourceDirectory C:\Users\Administrator\Desktop\AI面试\src\test\resources
[INFO] 
[INFO] --- maven-compiler-plugin:3.13.0:testCompile (default-testCompile) @ ai-capability-backend ---
[INFO] Recompiling the module because of changed dependency.
[INFO] Compiling 1 source file with javac [debug parameters release 17] to target\test-classes
[INFO] 
[INFO] --- maven-surefire-plugin:3.2.5:test (default-test) @ ai-capability-backend ---
[INFO] Using auto detected provider org.apache.maven.surefire.junitplatform.JUnitPlatformProvider
[INFO] 
[INFO] -------------------------------------------------------
[INFO]  T E S T S
[INFO] -------------------------------------------------------
[INFO] Running com.example.aibackend.AiControllerTest
16:02:16.753 [main] INFO org.springframework.test.context.support.AnnotationConfigContextLoaderUtils -- Could not detect default configuration classes for test class [com.example.aibackend.AiControllerTest]: AiControllerTest does not declare any static, non-private, non-final, nested classes annotated with @Configuration.
16:02:16.902 [main] INFO org.springframework.boot.test.context.SpringBootTestContextBootstrapper -- Found @SpringBootConfiguration com.example.aibackend.AiCapabilityBackendApplication for test class com.example.aibackend.AiControllerTest

  .   ____          _            __ _ _
 /\\ / ___'_ __ _ _(_)_ __  __ _ \ \ \ \
( ( )\___ | '_ | '_| | '_ \/ _` | \ \ \ \
 \\/  ___)| |_)| | | | | || (_| |  ) ) ) )
  '  |____| .__|_| |_|_| |_\__, | / / / /
 =========|_|==============|___/=/_/_/_/

 :: Spring Boot ::                (v3.3.5)

2026-05-26 16:02:17.516 INFO  [main] [] com.example.aibackend.AiControllerTest - Starting AiControllerTest using Java 17.0.5 with PID 20392 (started by Administrator in C:\Users\Administrator\Desktop\AI面试)
2026-05-26 16:02:17.518 INFO  [main] [] com.example.aibackend.AiControllerTest - No active profile set, falling back to 1 default profile: "default"
2026-05-26 16:02:19.740 INFO  [main] [] org.springframework.boot.test.mock.web.SpringBootMockServletContext - Initializing Spring TestDispatcherServlet ''
2026-05-26 16:02:19.740 INFO  [main] [] org.springframework.test.web.servlet.TestDispatcherServlet - Initializing Servlet ''
2026-05-26 16:02:19.740 INFO  [main] [] org.springframework.test.web.servlet.TestDispatcherServlet - Completed initialization in 0 ms
2026-05-26 16:02:19.778 INFO  [main] [] com.example.aibackend.AiControllerTest - Started AiControllerTest in 2.658 seconds (process running for 4.172)
Java HotSpot(TM) 64-Bit Server VM warning: Sharing is only supported for boot loader classes because bootstrap classpath has been appended
2026-05-26 16:02:21.307 INFO  [main] [164eed83-8755-40df-9515-ab7fb748b85e] com.example.aibackend.config.RequestTraceFilter - request_completed traceId=164eed83-8755-40df-9515-ab7fb748b85e method=POST uri=/api/v1/ai/summary status=400 durationMs=257
2026-05-26 16:02:21.372 INFO  [main] [01c6001d-aceb-4075-b600-ced7369cc333] com.example.aibackend.service.AiCapabilityService - summarize_started maxSentences=2 textLength=140
2026-05-26 16:02:21.379 INFO  [main] [01c6001d-aceb-4075-b600-ced7369cc333] com.example.aibackend.service.AiCapabilityService - summarize_completed selectedSentences=2 keywords=[apis, auto, boot, build, configuration]
2026-05-26 16:02:21.384 INFO  [main] [01c6001d-aceb-4075-b600-ced7369cc333] com.example.aibackend.config.RequestTraceFilter - request_completed traceId=01c6001d-aceb-4075-b600-ced7369cc333 method=POST uri=/api/v1/ai/summary status=200 durationMs=12
2026-05-26 16:02:21.406 INFO  [main] [ff23eabe-67a2-46c6-aef7-7e2d88c18c07] com.example.aibackend.service.AiCapabilityService - qa_started questionLength=47 documentLength=154
2026-05-26 16:02:21.411 INFO  [main] [ff23eabe-67a2-46c6-aef7-7e2d88c18c07] com.example.aibackend.service.AiCapabilityService - qa_completed score=1 evidenceCount=2
2026-05-26 16:02:21.413 INFO  [main] [ff23eabe-67a2-46c6-aef7-7e2d88c18c07] com.example.aibackend.config.RequestTraceFilter - request_completed traceId=ff23eabe-67a2-46c6-aef7-7e2d88c18c07 method=POST uri=/api/v1/ai/qa status=200 durationMs=15
[INFO] Tests run: 3, Failures: 0, Errors: 0, Skipped: 0, Time elapsed: 4.877 s -- in com.example.aibackend.AiControllerTest
[INFO] 
[INFO] Results:
[INFO] 
[INFO] Tests run: 3, Failures: 0, Errors: 0, Skipped: 0
[INFO] 
[INFO] ------------------------------------------------------------------------
[INFO] BUILD SUCCESS
[INFO] ------------------------------------------------------------------------
[INFO] Total time:  19.160 s
[INFO] Finished at: 2026-05-26T16:02:21+08:00
[INFO] ------------------------------------------------------------------------
[INFO] Scanning for projects...
[INFO] 
[INFO] -----------------< com.example:ai-capability-backend >------------------
[INFO] Building ai-capability-backend 0.0.1-SNAPSHOT
[INFO] --------------------------------[ jar ]---------------------------------
[INFO] 
[INFO] --- maven-clean-plugin:3.3.2:clean (default-clean) @ ai-capability-backend ---
[INFO] Deleting C:\Users\Administrator\Desktop\AI面试\target
[INFO] 
[INFO] --- maven-resources-plugin:3.3.1:resources (default-resources) @ ai-capability-backend ---
[INFO] Copying 1 resource from src\main\resources to target\classes
[INFO] Copying 0 resource from src\main\resources to target\classes
[INFO] 
[INFO] --- maven-compiler-plugin:3.13.0:compile (default-compile) @ ai-capability-backend ---
[INFO] Recompiling the module because of changed source code.
[INFO] Compiling 13 source files with javac [debug parameters release 17] to target\classes
[INFO] 
[INFO] --- maven-resources-plugin:3.3.1:testResources (default-testResources) @ ai-capability-backend ---
[INFO] skip non existing resourceDirectory C:\Users\Administrator\Desktop\AI面试\src\test\resources
[INFO] 
[INFO] --- maven-compiler-plugin:3.13.0:testCompile (default-testCompile) @ ai-capability-backend ---
[INFO] Recompiling the module because of changed dependency.
[INFO] Compiling 1 source file with javac [debug parameters release 17] to target\test-classes
[INFO] 
[INFO] --- maven-surefire-plugin:3.2.5:test (default-test) @ ai-capability-backend ---
[INFO] Tests are skipped.
[INFO] 
[INFO] --- maven-jar-plugin:3.4.2:jar (default-jar) @ ai-capability-backend ---
[INFO] Building jar: C:\Users\Administrator\Desktop\AI面试\target\ai-capability-backend-0.0.1-SNAPSHOT.jar
[INFO] 
[INFO] --- spring-boot-maven-plugin:3.3.5:repackage (repackage) @ ai-capability-backend ---
[INFO] Replacing main artifact C:\Users\Administrator\Desktop\AI面试\target\ai-capability-backend-0.0.1-SNAPSHOT.jar with repackaged archive, adding nested dependencies in BOOT-INF/.
[INFO] The original artifact has been renamed to C:\Users\Administrator\Desktop\AI面试\target\ai-capability-backend-0.0.1-SNAPSHOT.jar.original
[INFO] ------------------------------------------------------------------------
[INFO] BUILD SUCCESS
[INFO] ------------------------------------------------------------------------
[INFO] Total time:  7.985 s
[INFO] Finished at: 2026-05-26T16:02:30+08:00
[INFO] ------------------------------------------------------------------------
